TN:
SF:/Users/salvi/Desktop/mystuff/andela/sims/codepirates-ah-backend/src/app.js
FN:13,(anonymous_0)
FNF:1
FNH:1
FNDA:1,(anonymous_0)
DA:1,1
DA:2,1
DA:4,1
DA:5,1
DA:7,1
DA:9,1
DA:10,1
DA:12,1
DA:13,1
DA:15,1
LF:10
LH:10
BRDA:12,0,0,1
BRDA:12,0,1,1
BRF:2
BRH:2
end_of_record
TN:
SF:/Users/salvi/Desktop/mystuff/andela/sims/codepirates-ah-backend/src/config/swagger.js
FNF:0
FNH:0
DA:1,1
DA:2,1
DA:4,1
DA:6,1
DA:17,1
DA:22,1
DA:24,1
LF:7
LH:7
BRF:0
BRH:0
end_of_record
TN:
SF:/Users/salvi/Desktop/mystuff/andela/sims/codepirates-ah-backend/src/helpers/logging.js
FN:4,_default
FNF:1
FNH:1
FNDA:1,_default
DA:1,1
DA:2,1
DA:4,1
DA:5,1
DA:21,1
DA:22,1
LF:6
LH:6
BRDA:21,0,0,1
BRDA:21,0,1,0
BRF:2
BRH:1
end_of_record
TN:
SF:/Users/salvi/Desktop/mystuff/andela/sims/codepirates-ah-backend/src/middlewares/404.middleware.js
FN:3,_default
FNF:1
FNH:0
FNDA:0,_default
DA:1,1
DA:3,1
DA:4,0
DA:5,0
LF:4
LH:2
BRF:0
BRH:0
end_of_record
TN:
SF:/Users/salvi/Desktop/mystuff/andela/sims/codepirates-ah-backend/src/middlewares/error.middleware.js
FN:3,_default
FNF:1
FNH:0
FNDA:0,_default
DA:1,1
DA:3,1
DA:4,0
DA:5,0
LF:4
LH:2
BRF:0
BRH:0
end_of_record
TN:
SF:/Users/salvi/Desktop/mystuff/andela/sims/codepirates-ah-backend/src/routes/index.js
FN:20,(anonymous_0)
FNF:1
FNH:1
FNDA:1,(anonymous_0)
DA:1,1
DA:2,1
DA:3,1
DA:4,1
DA:5,1
DA:6,1
DA:7,1
DA:9,1
DA:11,1
DA:13,1
DA:14,1
DA:15,1
DA:16,1
DA:18,1
DA:20,1
DA:21,1
DA:23,1
DA:24,1
DA:26,1
LF:19
LH:19
BRF:0
BRH:0
end_of_record
TN:
SF:/Users/salvi/Desktop/mystuff/andela/sims/codepirates-ah-backend/src/routes/api/index.route.js
FNF:0
FNH:0
DA:1,1
DA:2,1
DA:3,1
DA:5,1
DA:7,1
DA:9,1
DA:10,1
DA:12,1
LF:8
LH:8
BRF:0
BRH:0
end_of_record
TN:
SF:/Users/salvi/Desktop/mystuff/andela/sims/codepirates-ah-backend/src/routes/api/user/user.route.js
FN:5,(anonymous_0)
FNF:1
FNH:0
FNDA:0,(anonymous_0)
DA:1,1
DA:3,1
DA:5,1
DA:6,0
DA:7,0
DA:9,1
LF:6
LH:4
BRF:0
BRH:0
end_of_record
